-------------------------------------------------------------------------------
Error on line 1866 of /src/dependencies/jquery-ui.js
java.lang.NullPointerException
	at org.mozilla.javascript.Node.getChildBefore(Node.java:222)
	at org.mozilla.javascript.Node.addChildBefore(Node.java:287)
	at jscover.instrument.NodeProcessor.processNode(NodeProcessor.java:480)
	at jscover.instrument.ParseTreeInstrumenter.visit(ParseTreeInstrumenter.java:367)
	at org.mozilla.javascript.ast.IfStatement.visit(IfStatement.java:178)
	at org.mozilla.javascript.ast.ForLoop.visit(ForLoop.java:131)
	at org.mozilla.javascript.ast.Block.visit(Block.java:61)
	at org.mozilla.javascript.ast.FunctionNode.visit(FunctionNode.java:423)
	at org.mozilla.javascript.ast.InfixExpression.visit(InfixExpression.java:182)
	at org.mozilla.javascript.ast.ObjectLiteral.visit(ObjectLiteral.java:132)
	at org.mozilla.javascript.ast.FunctionCall.visit(FunctionCall.java:160)
	at org.mozilla.javascript.ast.ExpressionStatement.visit(ExpressionStatement.java:120)
	at org.mozilla.javascript.ast.Block.visit(Block.java:61)
	at org.mozilla.javascript.ast.FunctionNode.visit(FunctionNode.java:423)
	at org.mozilla.javascript.ast.ParenthesizedExpression.visit(ParenthesizedExpression.java:75)
	at org.mozilla.javascript.ast.FunctionCall.visit(FunctionCall.java:158)
	at org.mozilla.javascript.ast.ExpressionStatement.visit(ExpressionStatement.java:120)
	at org.mozilla.javascript.ast.ScriptNode.visit(ScriptNode.java:312)
	at org.mozilla.javascript.ast.AstRoot.visitAll(AstRoot.java:110)
	at jscover.instrument.SourceProcessor.instrumentSource(SourceProcessor.java:415)
	at jscover.instrument.SourceProcessor.processSourceWithoutHeader(SourceProcessor.java:398)
	at jscover.instrument.SourceProcessor.processSource(SourceProcessor.java:390)
	at jscover.instrument.SourceProcessor.processSourceForServer(SourceProcessor.java:380)
	at jscover.instrument.InstrumenterService.instrumentJSForWebServer(InstrumenterService.java:362)
	at jscover.server.InstrumentingRequestHandler.handleGet(InstrumentingRequestHandler.java:425)
	at jscover.server.HttpServer.run(HttpServer.java:403)
-------------------------------------------------------------------------------
Error on line 2256 of /src/dependencies/jquery-ui.js
java.lang.NullPointerException
	at org.mozilla.javascript.Node.getChildBefore(Node.java:222)
	at org.mozilla.javascript.Node.addChildBefore(Node.java:287)
	at jscover.instrument.NodeProcessor.processNode(NodeProcessor.java:454)
	at jscover.instrument.ParseTreeInstrumenter.visit(ParseTreeInstrumenter.java:367)
	at org.mozilla.javascript.ast.VariableDeclaration.visit(VariableDeclaration.java:149)
	at org.mozilla.javascript.ast.IfStatement.visit(IfStatement.java:180)
	at org.mozilla.javascript.ast.Scope.visit(Scope.java:251)
	at org.mozilla.javascript.ast.IfStatement.visit(IfStatement.java:180)
	at org.mozilla.javascript.ast.Block.visit(Block.java:61)
	at org.mozilla.javascript.ast.FunctionNode.visit(FunctionNode.java:423)
	at org.mozilla.javascript.ast.FunctionCall.visit(FunctionCall.java:160)
	at org.mozilla.javascript.ast.ExpressionStatement.visit(ExpressionStatement.java:120)
	at org.mozilla.javascript.ast.Block.visit(Block.java:61)
	at org.mozilla.javascript.ast.FunctionNode.visit(FunctionNode.java:423)
	at org.mozilla.javascript.ast.InfixExpression.visit(InfixExpression.java:182)
	at org.mozilla.javascript.ast.ObjectLiteral.visit(ObjectLiteral.java:132)
	at org.mozilla.javascript.ast.FunctionCall.visit(FunctionCall.java:160)
	at org.mozilla.javascript.ast.ExpressionStatement.visit(ExpressionStatement.java:120)
	at org.mozilla.javascript.ast.Block.visit(Block.java:61)
	at org.mozilla.javascript.ast.FunctionNode.visit(FunctionNode.java:423)
	at org.mozilla.javascript.ast.ParenthesizedExpression.visit(ParenthesizedExpression.java:75)
	at org.mozilla.javascript.ast.FunctionCall.visit(FunctionCall.java:158)
	at org.mozilla.javascript.ast.ExpressionStatement.visit(ExpressionStatement.java:120)
	at org.mozilla.javascript.ast.ScriptNode.visit(ScriptNode.java:312)
	at org.mozilla.javascript.ast.AstRoot.visitAll(AstRoot.java:110)
	at jscover.instrument.SourceProcessor.instrumentSource(SourceProcessor.java:415)
	at jscover.instrument.SourceProcessor.processSourceWithoutHeader(SourceProcessor.java:398)
	at jscover.instrument.SourceProcessor.processSource(SourceProcessor.java:390)
	at jscover.instrument.SourceProcessor.processSourceForServer(SourceProcessor.java:380)
	at jscover.instrument.InstrumenterService.instrumentJSForWebServer(InstrumenterService.java:362)
	at jscover.server.InstrumentingRequestHandler.handleGet(InstrumentingRequestHandler.java:425)
	at jscover.server.HttpServer.run(HttpServer.java:403)
-------------------------------------------------------------------------------
Error on line 7714 of /src/dependencies/jquery-ui.js
java.lang.NullPointerException
	at org.mozilla.javascript.Node.getChildBefore(Node.java:222)
	at org.mozilla.javascript.Node.addChildBefore(Node.java:287)
	at jscover.instrument.NodeProcessor.processNode(NodeProcessor.java:384)
	at jscover.instrument.ParseTreeInstrumenter.visit(ParseTreeInstrumenter.java:367)
	at org.mozilla.javascript.ast.SwitchStatement.visit(SwitchStatement.java:172)
	at org.mozilla.javascript.ast.IfStatement.visit(IfStatement.java:180)
	at org.mozilla.javascript.ast.Block.visit(Block.java:61)
	at org.mozilla.javascript.ast.FunctionNode.visit(FunctionNode.java:423)
	at org.mozilla.javascript.ast.InfixExpression.visit(InfixExpression.java:182)
	at org.mozilla.javascript.ast.ObjectLiteral.visit(ObjectLiteral.java:132)
	at org.mozilla.javascript.ast.FunctionCall.visit(FunctionCall.java:160)
	at org.mozilla.javascript.ast.ExpressionStatement.visit(ExpressionStatement.java:120)
	at org.mozilla.javascript.ast.Block.visit(Block.java:61)
	at org.mozilla.javascript.ast.FunctionNode.visit(FunctionNode.java:423)
	at org.mozilla.javascript.ast.ParenthesizedExpression.visit(ParenthesizedExpression.java:75)
	at org.mozilla.javascript.ast.FunctionCall.visit(FunctionCall.java:158)
	at org.mozilla.javascript.ast.ExpressionStatement.visit(ExpressionStatement.java:120)
	at org.mozilla.javascript.ast.ScriptNode.visit(ScriptNode.java:312)
	at org.mozilla.javascript.ast.AstRoot.visitAll(AstRoot.java:110)
	at jscover.instrument.SourceProcessor.instrumentSource(SourceProcessor.java:415)
	at jscover.instrument.SourceProcessor.processSourceWithoutHeader(SourceProcessor.java:398)
	at jscover.instrument.SourceProcessor.processSource(SourceProcessor.java:390)
	at jscover.instrument.SourceProcessor.processSourceForServer(SourceProcessor.java:380)
	at jscover.instrument.InstrumenterService.instrumentJSForWebServer(InstrumenterService.java:362)
	at jscover.server.InstrumentingRequestHandler.handleGet(InstrumentingRequestHandler.java:425)
	at jscover.server.HttpServer.run(HttpServer.java:403)
-------------------------------------------------------------------------------
Error on line 8241 of /src/dependencies/jquery-ui.js
java.lang.NullPointerException
	at org.mozilla.javascript.Node.getChildBefore(Node.java:222)
	at org.mozilla.javascript.Node.addChildBefore(Node.java:287)
	at jscover.instrument.NodeProcessor.processNode(NodeProcessor.java:384)
	at jscover.instrument.ParseTreeInstrumenter.visit(ParseTreeInstrumenter.java:367)
	at org.mozilla.javascript.ast.SwitchStatement.visit(SwitchStatement.java:172)
	at org.mozilla.javascript.ast.IfStatement.visit(IfStatement.java:182)
	at org.mozilla.javascript.ast.Scope.visit(Scope.java:251)
	at org.mozilla.javascript.ast.ForLoop.visit(ForLoop.java:131)
	at org.mozilla.javascript.ast.Block.visit(Block.java:61)
	at org.mozilla.javascript.ast.FunctionNode.visit(FunctionNode.java:423)
	at org.mozilla.javascript.ast.InfixExpression.visit(InfixExpression.java:182)
	at org.mozilla.javascript.ast.ObjectLiteral.visit(ObjectLiteral.java:132)
	at org.mozilla.javascript.ast.FunctionCall.visit(FunctionCall.java:160)
	at org.mozilla.javascript.ast.ExpressionStatement.visit(ExpressionStatement.java:120)
	at org.mozilla.javascript.ast.Block.visit(Block.java:61)
	at org.mozilla.javascript.ast.FunctionNode.visit(FunctionNode.java:423)
	at org.mozilla.javascript.ast.ParenthesizedExpression.visit(ParenthesizedExpression.java:75)
	at org.mozilla.javascript.ast.FunctionCall.visit(FunctionCall.java:158)
	at org.mozilla.javascript.ast.ExpressionStatement.visit(ExpressionStatement.java:120)
	at org.mozilla.javascript.ast.ScriptNode.visit(ScriptNode.java:312)
	at org.mozilla.javascript.ast.AstRoot.visitAll(AstRoot.java:110)
	at jscover.instrument.SourceProcessor.instrumentSource(SourceProcessor.java:415)
	at jscover.instrument.SourceProcessor.processSourceWithoutHeader(SourceProcessor.java:398)
	at jscover.instrument.SourceProcessor.processSource(SourceProcessor.java:390)
	at jscover.instrument.SourceProcessor.processSourceForServer(SourceProcessor.java:380)
	at jscover.instrument.InstrumenterService.instrumentJSForWebServer(InstrumenterService.java:362)
	at jscover.server.InstrumentingRequestHandler.handleGet(InstrumentingRequestHandler.java:425)
	at jscover.server.HttpServer.run(HttpServer.java:403)
-------------------------------------------------------------------------------
Error on line 8372 of /src/dependencies/jquery-ui.js
java.lang.NullPointerException
	at org.mozilla.javascript.Node.getChildBefore(Node.java:222)
	at org.mozilla.javascript.Node.addChildBefore(Node.java:287)
	at jscover.instrument.NodeProcessor.processNode(NodeProcessor.java:457)
	at jscover.instrument.ParseTreeInstrumenter.visit(ParseTreeInstrumenter.java:367)
	at org.mozilla.javascript.ast.WhileLoop.visit(WhileLoop.java:74)
	at org.mozilla.javascript.ast.IfStatement.visit(IfStatement.java:180)
	at org.mozilla.javascript.ast.Block.visit(Block.java:61)
	at org.mozilla.javascript.ast.FunctionNode.visit(FunctionNode.java:423)
	at org.mozilla.javascript.ast.VariableInitializer.visit(VariableInitializer.java:122)
	at org.mozilla.javascript.ast.VariableDeclaration.visit(VariableDeclaration.java:151)
	at org.mozilla.javascript.ast.Block.visit(Block.java:61)
	at org.mozilla.javascript.ast.FunctionNode.visit(FunctionNode.java:423)
	at org.mozilla.javascript.ast.InfixExpression.visit(InfixExpression.java:182)
	at org.mozilla.javascript.ast.ObjectLiteral.visit(ObjectLiteral.java:132)
	at org.mozilla.javascript.ast.FunctionCall.visit(FunctionCall.java:160)
	at org.mozilla.javascript.ast.ExpressionStatement.visit(ExpressionStatement.java:120)
	at org.mozilla.javascript.ast.Block.visit(Block.java:61)
	at org.mozilla.javascript.ast.FunctionNode.visit(FunctionNode.java:423)
	at org.mozilla.javascript.ast.ParenthesizedExpression.visit(ParenthesizedExpression.java:75)
	at org.mozilla.javascript.ast.FunctionCall.visit(FunctionCall.java:158)
	at org.mozilla.javascript.ast.ExpressionStatement.visit(ExpressionStatement.java:120)
	at org.mozilla.javascript.ast.ScriptNode.visit(ScriptNode.java:312)
	at org.mozilla.javascript.ast.AstRoot.visitAll(AstRoot.java:110)
	at jscover.instrument.SourceProcessor.instrumentSource(SourceProcessor.java:415)
	at jscover.instrument.SourceProcessor.processSourceWithoutHeader(SourceProcessor.java:398)
	at jscover.instrument.SourceProcessor.processSource(SourceProcessor.java:390)
	at jscover.instrument.SourceProcessor.processSourceForServer(SourceProcessor.java:380)
	at jscover.instrument.InstrumenterService.instrumentJSForWebServer(InstrumenterService.java:362)
	at jscover.server.InstrumentingRequestHandler.handleGet(InstrumentingRequestHandler.java:425)
	at jscover.server.HttpServer.run(HttpServer.java:403)
-------------------------------------------------------------------------------
Error on line 8383 of /src/dependencies/jquery-ui.js
java.lang.NullPointerException
	at org.mozilla.javascript.Node.getChildBefore(Node.java:222)
	at org.mozilla.javascript.Node.addChildBefore(Node.java:287)
	at jscover.instrument.NodeProcessor.processNode(NodeProcessor.java:457)
	at jscover.instrument.ParseTreeInstrumenter.visit(ParseTreeInstrumenter.java:367)
	at org.mozilla.javascript.ast.ForLoop.visit(ForLoop.java:127)
	at org.mozilla.javascript.ast.IfStatement.visit(IfStatement.java:180)
	at org.mozilla.javascript.ast.Block.visit(Block.java:61)
	at org.mozilla.javascript.ast.FunctionNode.visit(FunctionNode.java:423)
	at org.mozilla.javascript.ast.InfixExpression.visit(InfixExpression.java:182)
	at org.mozilla.javascript.ast.ObjectLiteral.visit(ObjectLiteral.java:132)
	at org.mozilla.javascript.ast.FunctionCall.visit(FunctionCall.java:160)
	at org.mozilla.javascript.ast.ExpressionStatement.visit(ExpressionStatement.java:120)
	at org.mozilla.javascript.ast.Block.visit(Block.java:61)
	at org.mozilla.javascript.ast.FunctionNode.visit(FunctionNode.java:423)
	at org.mozilla.javascript.ast.ParenthesizedExpression.visit(ParenthesizedExpression.java:75)
	at org.mozilla.javascript.ast.FunctionCall.visit(FunctionCall.java:158)
	at org.mozilla.javascript.ast.ExpressionStatement.visit(ExpressionStatement.java:120)
	at org.mozilla.javascript.ast.ScriptNode.visit(ScriptNode.java:312)
	at org.mozilla.javascript.ast.AstRoot.visitAll(AstRoot.java:110)
	at jscover.instrument.SourceProcessor.instrumentSource(SourceProcessor.java:415)
	at jscover.instrument.SourceProcessor.processSourceWithoutHeader(SourceProcessor.java:398)
	at jscover.instrument.SourceProcessor.processSource(SourceProcessor.java:390)
	at jscover.instrument.SourceProcessor.processSourceForServer(SourceProcessor.java:380)
	at jscover.instrument.InstrumenterService.instrumentJSForWebServer(InstrumenterService.java:362)
	at jscover.server.InstrumentingRequestHandler.handleGet(InstrumentingRequestHandler.java:425)
	at jscover.server.HttpServer.run(HttpServer.java:403)
-------------------------------------------------------------------------------
Error on line 8390 of /src/dependencies/jquery-ui.js
java.lang.NullPointerException
	at org.mozilla.javascript.Node.getChildBefore(Node.java:222)
	at org.mozilla.javascript.Node.addChildBefore(Node.java:287)
	at jscover.instrument.NodeProcessor.processNode(NodeProcessor.java:384)
	at jscover.instrument.ParseTreeInstrumenter.visit(ParseTreeInstrumenter.java:367)
	at org.mozilla.javascript.ast.SwitchStatement.visit(SwitchStatement.java:172)
	at org.mozilla.javascript.ast.IfStatement.visit(IfStatement.java:182)
	at org.mozilla.javascript.ast.Scope.visit(Scope.java:251)
	at org.mozilla.javascript.ast.ForLoop.visit(ForLoop.java:131)
	at org.mozilla.javascript.ast.IfStatement.visit(IfStatement.java:180)
	at org.mozilla.javascript.ast.Block.visit(Block.java:61)
	at org.mozilla.javascript.ast.FunctionNode.visit(FunctionNode.java:423)
	at org.mozilla.javascript.ast.InfixExpression.visit(InfixExpression.java:182)
	at org.mozilla.javascript.ast.ObjectLiteral.visit(ObjectLiteral.java:132)
	at org.mozilla.javascript.ast.FunctionCall.visit(FunctionCall.java:160)
	at org.mozilla.javascript.ast.ExpressionStatement.visit(ExpressionStatement.java:120)
	at org.mozilla.javascript.ast.Block.visit(Block.java:61)
	at org.mozilla.javascript.ast.FunctionNode.visit(FunctionNode.java:423)
	at org.mozilla.javascript.ast.ParenthesizedExpression.visit(ParenthesizedExpression.java:75)
	at org.mozilla.javascript.ast.FunctionCall.visit(FunctionCall.java:158)
	at org.mozilla.javascript.ast.ExpressionStatement.visit(ExpressionStatement.java:120)
	at org.mozilla.javascript.ast.ScriptNode.visit(ScriptNode.java:312)
	at org.mozilla.javascript.ast.AstRoot.visitAll(AstRoot.java:110)
	at jscover.instrument.SourceProcessor.instrumentSource(SourceProcessor.java:415)
	at jscover.instrument.SourceProcessor.processSourceWithoutHeader(SourceProcessor.java:398)
	at jscover.instrument.SourceProcessor.processSource(SourceProcessor.java:390)
	at jscover.instrument.SourceProcessor.processSourceForServer(SourceProcessor.java:380)
	at jscover.instrument.InstrumenterService.instrumentJSForWebServer(InstrumenterService.java:362)
	at jscover.server.InstrumentingRequestHandler.handleGet(InstrumentingRequestHandler.java:425)
	at jscover.server.HttpServer.run(HttpServer.java:403)
-------------------------------------------------------------------------------
Error on line 8442 of /src/dependencies/jquery-ui.js
java.lang.NullPointerException
	at org.mozilla.javascript.Node.getChildBefore(Node.java:222)
	at org.mozilla.javascript.Node.addChildBefore(Node.java:287)
	at jscover.instrument.NodeProcessor.processNode(NodeProcessor.java:480)
	at jscover.instrument.ParseTreeInstrumenter.visit(ParseTreeInstrumenter.java:367)
	at org.mozilla.javascript.ast.IfStatement.visit(IfStatement.java:178)
	at org.mozilla.javascript.ast.ForLoop.visit(ForLoop.java:131)
	at org.mozilla.javascript.ast.Block.visit(Block.java:61)
	at org.mozilla.javascript.ast.FunctionNode.visit(FunctionNode.java:423)
	at org.mozilla.javascript.ast.InfixExpression.visit(InfixExpression.java:182)
	at org.mozilla.javascript.ast.ObjectLiteral.visit(ObjectLiteral.java:132)
	at org.mozilla.javascript.ast.FunctionCall.visit(FunctionCall.java:160)
	at org.mozilla.javascript.ast.ExpressionStatement.visit(ExpressionStatement.java:120)
	at org.mozilla.javascript.ast.Block.visit(Block.java:61)
	at org.mozilla.javascript.ast.FunctionNode.visit(FunctionNode.java:423)
	at org.mozilla.javascript.ast.ParenthesizedExpression.visit(ParenthesizedExpression.java:75)
	at org.mozilla.javascript.ast.FunctionCall.visit(FunctionCall.java:158)
	at org.mozilla.javascript.ast.ExpressionStatement.visit(ExpressionStatement.java:120)
	at org.mozilla.javascript.ast.ScriptNode.visit(ScriptNode.java:312)
	at org.mozilla.javascript.ast.AstRoot.visitAll(AstRoot.java:110)
	at jscover.instrument.SourceProcessor.instrumentSource(SourceProcessor.java:415)
	at jscover.instrument.SourceProcessor.processSourceWithoutHeader(SourceProcessor.java:398)
	at jscover.instrument.SourceProcessor.processSource(SourceProcessor.java:390)
	at jscover.instrument.SourceProcessor.processSourceForServer(SourceProcessor.java:380)
	at jscover.instrument.InstrumenterService.instrumentJSForWebServer(InstrumenterService.java:362)
	at jscover.server.InstrumentingRequestHandler.handleGet(InstrumentingRequestHandler.java:425)
	at jscover.server.HttpServer.run(HttpServer.java:403)
-------------------------------------------------------------------------------
Error on line 8448 of /src/dependencies/jquery-ui.js
java.lang.NullPointerException
	at org.mozilla.javascript.Node.getChildBefore(Node.java:222)
	at org.mozilla.javascript.Node.addChildBefore(Node.java:287)
	at jscover.instrument.NodeProcessor.processNode(NodeProcessor.java:384)
	at jscover.instrument.ParseTreeInstrumenter.visit(ParseTreeInstrumenter.java:367)
	at org.mozilla.javascript.ast.SwitchStatement.visit(SwitchStatement.java:172)
	at org.mozilla.javascript.ast.IfStatement.visit(IfStatement.java:182)
	at org.mozilla.javascript.ast.ForLoop.visit(ForLoop.java:131)
	at org.mozilla.javascript.ast.Block.visit(Block.java:61)
	at org.mozilla.javascript.ast.FunctionNode.visit(FunctionNode.java:423)
	at org.mozilla.javascript.ast.InfixExpression.visit(InfixExpression.java:182)
	at org.mozilla.javascript.ast.ObjectLiteral.visit(ObjectLiteral.java:132)
	at org.mozilla.javascript.ast.FunctionCall.visit(FunctionCall.java:160)
	at org.mozilla.javascript.ast.ExpressionStatement.visit(ExpressionStatement.java:120)
	at org.mozilla.javascript.ast.Block.visit(Block.java:61)
	at org.mozilla.javascript.ast.FunctionNode.visit(FunctionNode.java:423)
	at org.mozilla.javascript.ast.ParenthesizedExpression.visit(ParenthesizedExpression.java:75)
	at org.mozilla.javascript.ast.FunctionCall.visit(FunctionCall.java:158)
	at org.mozilla.javascript.ast.ExpressionStatement.visit(ExpressionStatement.java:120)
	at org.mozilla.javascript.ast.ScriptNode.visit(ScriptNode.java:312)
	at org.mozilla.javascript.ast.AstRoot.visitAll(AstRoot.java:110)
	at jscover.instrument.SourceProcessor.instrumentSource(SourceProcessor.java:415)
	at jscover.instrument.SourceProcessor.processSourceWithoutHeader(SourceProcessor.java:398)
	at jscover.instrument.SourceProcessor.processSource(SourceProcessor.java:390)
	at jscover.instrument.SourceProcessor.processSourceForServer(SourceProcessor.java:380)
	at jscover.instrument.InstrumenterService.instrumentJSForWebServer(InstrumenterService.java:362)
	at jscover.server.InstrumentingRequestHandler.handleGet(InstrumentingRequestHandler.java:425)
	at jscover.server.HttpServer.run(HttpServer.java:403)
-------------------------------------------------------------------------------
Error on line 8716 of /src/dependencies/jquery-ui.js
java.lang.NullPointerException
	at org.mozilla.javascript.Node.getChildBefore(Node.java:222)
	at org.mozilla.javascript.Node.addChildBefore(Node.java:287)
	at jscover.instrument.NodeProcessor.processNode(NodeProcessor.java:384)
	at jscover.instrument.ParseTreeInstrumenter.visit(ParseTreeInstrumenter.java:367)
	at org.mozilla.javascript.ast.SwitchStatement.visit(SwitchStatement.java:172)
	at org.mozilla.javascript.ast.IfStatement.visit(IfStatement.java:180)
	at org.mozilla.javascript.ast.Scope.visit(Scope.java:251)
	at org.mozilla.javascript.ast.IfStatement.visit(IfStatement.java:180)
	at org.mozilla.javascript.ast.Scope.visit(Scope.java:251)
	at org.mozilla.javascript.ast.ForLoop.visit(ForLoop.java:131)
	at org.mozilla.javascript.ast.Scope.visit(Scope.java:251)
	at org.mozilla.javascript.ast.ForLoop.visit(ForLoop.java:131)
	at org.mozilla.javascript.ast.Block.visit(Block.java:61)
	at org.mozilla.javascript.ast.FunctionNode.visit(FunctionNode.java:423)
	at org.mozilla.javascript.ast.InfixExpression.visit(InfixExpression.java:182)
	at org.mozilla.javascript.ast.ObjectLiteral.visit(ObjectLiteral.java:132)
	at org.mozilla.javascript.ast.FunctionCall.visit(FunctionCall.java:160)
	at org.mozilla.javascript.ast.ExpressionStatement.visit(ExpressionStatement.java:120)
	at org.mozilla.javascript.ast.Block.visit(Block.java:61)
	at org.mozilla.javascript.ast.FunctionNode.visit(FunctionNode.java:423)
	at org.mozilla.javascript.ast.ParenthesizedExpression.visit(ParenthesizedExpression.java:75)
	at org.mozilla.javascript.ast.FunctionCall.visit(FunctionCall.java:158)
	at org.mozilla.javascript.ast.ExpressionStatement.visit(ExpressionStatement.java:120)
	at org.mozilla.javascript.ast.ScriptNode.visit(ScriptNode.java:312)
	at org.mozilla.javascript.ast.AstRoot.visitAll(AstRoot.java:110)
	at jscover.instrument.SourceProcessor.instrumentSource(SourceProcessor.java:415)
	at jscover.instrument.SourceProcessor.processSourceWithoutHeader(SourceProcessor.java:398)
	at jscover.instrument.SourceProcessor.processSource(SourceProcessor.java:390)
	at jscover.instrument.SourceProcessor.processSourceForServer(SourceProcessor.java:380)
	at jscover.instrument.InstrumenterService.instrumentJSForWebServer(InstrumenterService.java:362)
	at jscover.server.InstrumentingRequestHandler.handleGet(InstrumentingRequestHandler.java:425)
	at jscover.server.HttpServer.run(HttpServer.java:403)
-------------------------------------------------------------------------------
Error on line 8983 of /src/dependencies/jquery-ui.js
java.lang.NullPointerException
	at org.mozilla.javascript.Node.getChildBefore(Node.java:222)
	at org.mozilla.javascript.Node.addChildBefore(Node.java:287)
	at jscover.instrument.NodeProcessor.processNode(NodeProcessor.java:480)
	at jscover.instrument.ParseTreeInstrumenter.visit(ParseTreeInstrumenter.java:367)
	at org.mozilla.javascript.ast.IfStatement.visit(IfStatement.java:178)
	at org.mozilla.javascript.ast.ForInLoop.visit(ForInLoop.java:150)
	at org.mozilla.javascript.ast.Block.visit(Block.java:61)
	at org.mozilla.javascript.ast.FunctionNode.visit(FunctionNode.java:423)
	at org.mozilla.javascript.ast.Block.visit(Block.java:61)
	at org.mozilla.javascript.ast.FunctionNode.visit(FunctionNode.java:423)
	at org.mozilla.javascript.ast.ParenthesizedExpression.visit(ParenthesizedExpression.java:75)
	at org.mozilla.javascript.ast.FunctionCall.visit(FunctionCall.java:158)
	at org.mozilla.javascript.ast.ExpressionStatement.visit(ExpressionStatement.java:120)
	at org.mozilla.javascript.ast.ScriptNode.visit(ScriptNode.java:312)
	at org.mozilla.javascript.ast.AstRoot.visitAll(AstRoot.java:110)
	at jscover.instrument.SourceProcessor.instrumentSource(SourceProcessor.java:415)
	at jscover.instrument.SourceProcessor.processSourceWithoutHeader(SourceProcessor.java:398)
	at jscover.instrument.SourceProcessor.processSource(SourceProcessor.java:390)
	at jscover.instrument.SourceProcessor.processSourceForServer(SourceProcessor.java:380)
	at jscover.instrument.InstrumenterService.instrumentJSForWebServer(InstrumenterService.java:362)
	at jscover.server.InstrumentingRequestHandler.handleGet(InstrumentingRequestHandler.java:425)
	at jscover.server.HttpServer.run(HttpServer.java:403)
-------------------------------------------------------------------------------
Couldn't insert wrapper for parent org.mozilla.javascript.ast.SwitchStatement, file: /src/dependencies/jquery-ui.js, line: 8526, position: 15, source: matches[2] || 'd'
